#
# A fatal error has been detected by the Java Runtime Environment:
#
#  SIGSEGV (0xb) at pc=0x00003eb20cac2704, pid=6090, tid=0x0000000000000307
#
# JRE version: Java(TM) SE Runtime Environment (8.0_161-b12) (build 1.8.0_161-b12)
# Java VM: Java HotSpot(TM) 64-Bit Server VM (25.161-b12 mixed mode bsd-amd64 compressed oops)
# Problematic frame:
# C  0x00003eb20cac2704
#
# Failed to write core dump. Core dumps have been disabled. To enable core dumping, try "ulimit -c unlimited" before starting Java again
#
# If you would like to submit a bug report, please visit:
#   http://bugreport.java.com/bugreport/crash.jsp
# The crash happened outside the Java Virtual Machine in native code.
# See problematic frame for where to report the bug.
#

---------------  T H R E A D  ---------------

Current thread (0x00007fc8be151800):  JavaThread "JavaFX Application Thread" [_thread_in_native, id=775, stack(0x00007ffeebe2b000,0x00007ffeec62b000)]

siginfo: si_signo: 11 (SIGSEGV), si_code: 1 (SEGV_MAPERR), si_addr: 0x00000002827b0700

Registers:
RAX=0x0000000000000007, RBX=0x0000000129600000, RCX=0x000000013636b000, RDX=0x0000000029888ae0
RSP=0x00007ffeec6242c0, RBP=0x00007ffeec624340, RSI=0x000000013bee4560, RDI=0x0000000129600018
R8 =0x00000001299d7c00, R9 =0x00007ffeec6247c0, R10=0x0000000129888b20, R11=0x00000001299174f0
R12=0x0000000129600000, R13=0x000000013bed98a0, R14=0xffff000000000000, R15=0xffff000000000002
RIP=0x00003eb20cac2704, EFLAGS=0x0000000000010293, ERR=0x0000000000000004
  TRAPNO=0x000000000000000e

Top of Stack: (sp=0x00007ffeec6242c0)
0x00007ffeec6242c0:   0000000000000000 00000001347c2948
0x00007ffeec6242d0:   0000000105e5d760 00007ffeec6243e0
0x00007ffeec6242e0:   000000013bf0d870 000000013bef3250
0x00007ffeec6242f0:   000000013bee4560 0000000000000006
0x00007ffeec624300:   0000000000000007 00000001299174f0
0x00007ffeec624310:   000000000000000a 000000013bef3250
0x00007ffeec624320:   000000013bef3250 000000013bed98a0
0x00007ffeec624330:   ffff000000000000 ffff000000000002
0x00007ffeec624340:   00007ffeec6243d0 00003eb20cac6612
0x00007ffeec624350:   000000013612ada0 000000013bef3280
0x00007ffeec624360:   0000000000000002 000000013bef32b0
0x00007ffeec624370:   0000000129888b20 0000000000000000
0x00007ffeec624380:   0000000000000000 0000000000000100
0x00007ffeec624390:   0000000000000000 00007ffeec624348
0x00007ffeec6243a0:   000000013bef32b0 0000000129600000
0x00007ffeec6243b0:   0000000129600000 000000013bed98a0
0x00007ffeec6243c0:   ffff000000000000 ffff000000000002
0x00007ffeec6243d0:   00007ffeec6244c0 00003eb20c961986
0x00007ffeec6243e0:   000000013e467d60 000000013bef32e0
0x00007ffeec6243f0:   0000000000000002 000000000000000a
0x00007ffeec624400:   0000000129888b20 00007fc8be151800
0x00007ffeec624410:   00000001347c2948 00007fc8be151800
0x00007ffeec624420:   0000000129888b20 00007fc8be151800
0x00007ffeec624430:   000000013bef32e0 00007fc8be151800
0x00007ffeec624440:   00007fff6dcd2a9f 0000000000000008
0x00007ffeec624450:   00007ffeec624500 00007fff6dcd29db
0x00007ffeec624460:   0000000100000001 00000028be151800
0x00007ffeec624470:   00000001299d7c10 ffff000000000002
0x00007ffeec624480:   0000000000000000 000000013bed9750
0x00007ffeec624490:   000000013bed9750 0000000129600000
0x00007ffeec6244a0:   0000000129600000 000000013bed98a0
0x00007ffeec6244b0:   ffff000000000000 ffff000000000002 

Instructions: (pc=0x00003eb20cac2704)
0x00003eb20cac26e4:   00 00 00 00 00 00 00 80 7a 05 35 0f 84 4b 04 00
0x00003eb20cac26f4:   00 8b 12 48 b9 c8 00 60 29 01 00 00 00 48 8b 09
0x00003eb20cac2704:   48 8b 14 d1 48 8b 52 20 48 39 f2 0f 84 13 00 00
0x00003eb20cac2714:   00 49 85 d7 0f 84 cd ff ff ff 48 b8 06 00 00 00 

Register to memory mapping:

RAX=0x0000000000000007 is an unknown value
RBX=0x0000000129600000 is an unknown value
RCX=0x000000013636b000 is an unknown value
RDX=0x0000000029888ae0 is an unknown value
RSP=0x00007ffeec6242c0 is pointing into the stack for thread: 0x00007fc8be151800
RBP=0x00007ffeec624340 is pointing into the stack for thread: 0x00007fc8be151800
RSI=0x000000013bee4560 is an unknown value
RDI=0x0000000129600018 is an unknown value
R8 =0x00000001299d7c00 is an unknown value
R9 =0x00007ffeec6247c0 is pointing into the stack for thread: 0x00007fc8be151800
R10=0x0000000129888b20 is an unknown value
R11=0x00000001299174f0 is an unknown value
R12=0x0000000129600000 is an unknown value
R13=0x000000013bed98a0 is an unknown value
R14=0xffff000000000000 is an unknown value
R15=0xffff000000000002 is an unknown value


Stack: [0x00007ffeebe2b000,0x00007ffeec62b000],  sp=0x00007ffeec6242c0,  free space=8164k
Native frames: (J=compiled Java code, j=interpreted, Vv=VM code, C=native code)
C  0x00003eb20cac2704
C  0x00003eb20cac6612
C  0x00003eb20c961986
C  0x00003eb20c96169f
C  [libjfxwebkit.dylib+0x102d4a8]  vmEntryToJavaScript+0x12b
C  [libjfxwebkit.dylib+0xfbe59f]  JSC::JITCode::execute(JSC::VM*, JSC::ProtoCallFrame*)+0x7f
C  [libjfxwebkit.dylib+0xf8db77]  JSC::Interpreter::executeCall(JSC::ExecState*, JSC::JSObject*, JSC::CallType, JSC::CallData const&, JSC::JSValue, JSC::ArgList const&)+0x1d7
C  [libjfxwebkit.dylib+0x1163341]  JSC::profiledCall(JSC::ExecState*, JSC::ProfilingReason, JSC::JSValue, JSC::CallType, JSC::CallData const&, JSC::JSValue, JSC::ArgList const&)+0xb1
C  [libjfxwebkit.dylib+0xc78f23]  JSObjectCallAsFunction+0x1c3
C  [libjfxwebkit.dylib+0xafc32c]  Java_com_sun_webkit_dom_JSObject_callImpl+0x22c
J 5868  com.sun.webkit.dom.JSObject.callImpl(JILjava/lang/String;[Ljava/lang/Object;Ljava/security/AccessControlContext;)Ljava/lang/Object; (0 bytes) @ 0x0000000106ec42fe [0x0000000106ec4200+0xfe]
J 5867 C1 com.sun.webkit.dom.JSObject.call(Ljava/lang/String;[Ljava/lang/Object;)Ljava/lang/Object; (23 bytes) @ 0x0000000106ece314 [0x0000000106ecde20+0x4f4]
J 5879 C1 gmapsfx.javascript.JavascriptObject.invokeJavascript(Ljava/lang/String;[Ljava/lang/Object;)Ljava/lang/Object; (98 bytes) @ 0x0000000106ed3e1c [0x0000000106ed32a0+0xb7c]
J 5893 C1 gmapsfx.javascript.object.GoogleMap.addMarker(Lgmapsfx/javascript/object/Marker;)V (6 bytes) @ 0x0000000106edf22c [0x0000000106edef20+0x30c]
j  application.MarkerManager.displayDataSet()V+110
j  application.SelectManager.setAndDisplayData(Lapplication/DataSet;)V+16
j  application.services.GeneralService.displayIntersections(Lapplication/DataSet;)V+48
j  application.controllers.FetchController.lambda$2(Ljavafx/event/ActionEvent;)V+81
j  application.controllers.FetchController$$Lambda$342.handle(Ljavafx/event/Event;)V+8
J 6074 C2 com.sun.javafx.event.EventHandlerManager.dispatchBubblingEvent(Ljavafx/event/Event;)Ljavafx/event/Event; (23 bytes) @ 0x0000000106f03194 [0x0000000106f02700+0xa94]
J 5425 C2 com.sun.javafx.event.BasicEventDispatcher.dispatchEvent(Ljavafx/event/Event;Ljavafx/event/EventDispatchChain;)Ljavafx/event/Event; (44 bytes) @ 0x0000000106d874d4 [0x0000000106d87360+0x174]
J 5425 C2 com.sun.javafx.event.BasicEventDispatcher.dispatchEvent(Ljavafx/event/Event;Ljavafx/event/EventDispatchChain;)Ljavafx/event/Event; (44 bytes) @ 0x0000000106d87450 [0x0000000106d87360+0xf0]
J 5425 C2 com.sun.javafx.event.BasicEventDispatcher.dispatchEvent(Ljavafx/event/Event;Ljavafx/event/EventDispatchChain;)Ljavafx/event/Event; (44 bytes) @ 0x0000000106d87450 [0x0000000106d87360+0xf0]
J 5425 C2 com.sun.javafx.event.BasicEventDispatcher.dispatchEvent(Ljavafx/event/Event;Ljavafx/event/EventDispatchChain;)Ljavafx/event/Event; (44 bytes) @ 0x0000000106d87450 [0x0000000106d87360+0xf0]
J 5178 C2 com.sun.javafx.event.EventDispatchChainImpl.dispatchEvent(Ljavafx/event/Event;)Ljavafx/event/Event; (101 bytes) @ 0x0000000106c5e858 [0x0000000106c5e7a0+0xb8]
J 3759 C1 com.sun.javafx.event.EventUtil.fireEvent(Ljavafx/event/EventTarget;Ljavafx/event/Event;)Ljavafx/event/Event; (81 bytes) @ 0x000000010685a59c [0x00000001068599c0+0xbdc]
J 3597 C1 javafx.event.Event.fireEvent(Ljavafx/event/EventTarget;Ljavafx/event/Event;)V (35 bytes) @ 0x000000010679f3ec [0x000000010679f320+0xcc]
j  javafx.scene.Node.fireEvent(Ljavafx/event/Event;)V+86
j  javafx.scene.control.Button.fire()V+15
j  com.sun.javafx.scene.control.behavior.ButtonBehavior.mouseReleased(Ljavafx/scene/input/MouseEvent;)V+23
J 6138 C1 com.sun.javafx.scene.control.skin.BehaviorSkinBase$1.handle(Ljavafx/scene/input/MouseEvent;)V (121 bytes) @ 0x0000000106f2fa7c [0x0000000106f2f660+0x41c]
J 6137 C1 com.sun.javafx.scene.control.skin.BehaviorSkinBase$1.handle(Ljavafx/event/Event;)V (9 bytes) @ 0x0000000106f3062c [0x0000000106f304c0+0x16c]
J 6074 C2 com.sun.javafx.event.EventHandlerManager.dispatchBubblingEvent(Ljavafx/event/Event;)Ljavafx/event/Event; (23 bytes) @ 0x0000000106f02ab8 [0x0000000106f02700+0x3b8]
J 5425 C2 com.sun.javafx.event.BasicEventDispatcher.dispatchEvent(Ljavafx/event/Event;Ljavafx/event/EventDispatchChain;)Ljavafx/event/Event; (44 bytes) @ 0x0000000106d874d4 [0x0000000106d87360+0x174]
J 5425 C2 com.sun.javafx.event.BasicEventDispatcher.dispatchEvent(Ljavafx/event/Event;Ljavafx/event/EventDispatchChain;)Ljavafx/event/Event; (44 bytes) @ 0x0000000106d87450 [0x0000000106d87360+0xf0]
J 5425 C2 com.sun.javafx.event.BasicEventDispatcher.dispatchEvent(Ljavafx/event/Event;Ljavafx/event/EventDispatchChain;)Ljavafx/event/Event; (44 bytes) @ 0x0000000106d87450 [0x0000000106d87360+0xf0]
J 5425 C2 com.sun.javafx.event.BasicEventDispatcher.dispatchEvent(Ljavafx/event/Event;Ljavafx/event/EventDispatchChain;)Ljavafx/event/Event; (44 bytes) @ 0x0000000106d87450 [0x0000000106d87360+0xf0]
J 5178 C2 com.sun.javafx.event.EventDispatchChainImpl.dispatchEvent(Ljavafx/event/Event;)Ljavafx/event/Event; (101 bytes) @ 0x0000000106c5e858 [0x0000000106c5e7a0+0xb8]
J 3759 C1 com.sun.javafx.event.EventUtil.fireEvent(Ljavafx/event/EventTarget;Ljavafx/event/Event;)Ljavafx/event/Event; (81 bytes) @ 0x000000010685a0fc [0x00000001068599c0+0x73c]
J 3797 C1 javafx.scene.Scene$MouseHandler.process(Ljavafx/scene/input/MouseEvent;Z)V (735 bytes) @ 0x000000010687897c [0x0000000106875e60+0x2b1c]
J 3938 C1 javafx.scene.Scene$ScenePeerListener.mouseEvent(Ljavafx/event/EventType;DDDDLjavafx/scene/input/MouseButton;ZZZZZZZZZ)V (50 bytes) @ 0x00000001068cfeb4 [0x00000001068cfbe0+0x2d4]
J 3933 C1 com.sun.javafx.tk.quantum.GlassViewEventHandler$MouseEventNotification.run()Ljava/lang/Void; (624 bytes) @ 0x00000001068d344c [0x00000001068d23a0+0x10ac]
J 3932 C1 com.sun.javafx.tk.quantum.GlassViewEventHandler$MouseEventNotification.run()Ljava/lang/Object; (5 bytes) @ 0x00000001068d154c [0x00000001068d14c0+0x8c]
v  ~StubRoutines::call_stub
V  [libjvm.dylib+0x2ef9aa]  JavaCalls::call_helper(JavaValue*, methodHandle*, JavaCallArguments*, Thread*)+0x6ae
V  [libjvm.dylib+0x35019c]  JVM_DoPrivileged+0x4b8
J 2161  java.security.AccessController.doPrivileged(Ljava/security/PrivilegedAction;Ljava/security/AccessControlContext;)Ljava/lang/Object; (0 bytes) @ 0x00000001064b7055 [0x00000001064b6f80+0xd5]
J 3839 C1 com.sun.javafx.tk.quantum.GlassViewEventHandler$$Lambda$322.get()Ljava/lang/Object; (8 bytes) @ 0x0000000106893da4 [0x0000000106893bc0+0x1e4]
J 5375 C2 com.sun.javafx.tk.quantum.QuantumToolkit.runWithoutRenderLock(Ljava/util/function/Supplier;)Ljava/lang/Object; (49 bytes) @ 0x0000000106d53ba8 [0x0000000106d53b40+0x68]
J 3836 C1 com.sun.javafx.tk.quantum.GlassViewEventHandler.handleMouseEvent(Lcom/sun/glass/ui/View;JIIIIIIIZZ)V (108 bytes) @ 0x00000001068948a4 [0x0000000106894480+0x424]
J 3709 C1 com.sun.glass.ui.View.notifyMouse(IIIIIIIZZ)V (221 bytes) @ 0x00000001068306c4 [0x000000010682f660+0x1064]
v  ~StubRoutines::call_stub
V  [libjvm.dylib+0x2ef9aa]  JavaCalls::call_helper(JavaValue*, methodHandle*, JavaCallArguments*, Thread*)+0x6ae
V  [libjvm.dylib+0x326bd8]  jni_invoke_nonstatic(JNIEnv_*, JavaValue*, _jobject*, JNICallType, _jmethodID*, JNI_ArgumentPusher*, Thread*)+0x2ec
V  [libjvm.dylib+0x3193bb]  jni_CallVoidMethod+0x16b
C  [libglass.dylib+0x2138c]  -[GlassViewDelegate sendJavaMouseEvent:]+0x86c
C  [AppKit+0x975422]  -[NSWindow(NSEventRouting) _reallySendEvent:isDelayedEvent:]+0x7a9
C  [AppKit+0x97485c]  -[NSWindow(NSEventRouting) sendEvent:]+0x1f1
C  [libglass.dylib+0x26844]  -[GlassWindow_Normal sendEvent:]+0x74
C  [AppKit+0x7d5617]  -[NSApplication(NSEvent) sendEvent:]+0x133
C  [AppKit+0x36d9d]  -[NSApplication run]+0x32c
C  [libglass.dylib+0x728c]  -[GlassApplication runLoop:]+0x72c
C  [Foundation+0x681c5]  __NSThreadPerformPerform+0x14e
C  [CoreFoundation+0xa3721]  __CFRUNLOOP_IS_CALLING_OUT_TO_A_SOURCE0_PERFORM_FUNCTION__+0x11
C  [CoreFoundation+0x15d0ac]  __CFRunLoopDoSource0+0x6c
C  [CoreFoundation+0x86260]  __CFRunLoopDoSources0+0xd0
C  [CoreFoundation+0x856dd]  __CFRunLoopRun+0x50d
C  [CoreFoundation+0x84f43]  CFRunLoopRunSpecific+0x1e3
C  [java+0x647a]  CreateExecutionEnvironment+0x367
C  [java+0x212c]  JLI_Launch+0x7a0
C  [java+0x84d7]  main+0x65
C  [java+0x1984]  start+0x34
C  0x0000000000000005

Java frames: (J=compiled Java code, j=interpreted, Vv=VM code)
J 5868  com.sun.webkit.dom.JSObject.callImpl(JILjava/lang/String;[Ljava/lang/Object;Ljava/security/AccessControlContext;)Ljava/lang/Object; (0 bytes) @ 0x0000000106ec4284 [0x0000000106ec4200+0x84]
J 5867 C1 com.sun.webkit.dom.JSObject.call(Ljava/lang/String;[Ljava/lang/Object;)Ljava/lang/Object; (23 bytes) @ 0x0000000106ece314 [0x0000000106ecde20+0x4f4]
J 5879 C1 gmapsfx.javascript.JavascriptObject.invokeJavascript(Ljava/lang/String;[Ljava/lang/Object;)Ljava/lang/Object; (98 bytes) @ 0x0000000106ed3e1c [0x0000000106ed32a0+0xb7c]
J 5893 C1 gmapsfx.javascript.object.GoogleMap.addMarker(Lgmapsfx/javascript/object/Marker;)V (6 bytes) @ 0x0000000106edf22c [0x0000000106edef20+0x30c]
j  application.MarkerManager.displayDataSet()V+110
j  application.SelectManager.setAndDisplayData(Lapplication/DataSet;)V+16
j  application.services.GeneralService.displayIntersections(Lapplication/DataSet;)V+48
j  application.controllers.FetchController.lambda$2(Ljavafx/event/ActionEvent;)V+81
j  application.controllers.FetchController$$Lambda$342.handle(Ljavafx/event/Event;)V+8
J 6074 C2 com.sun.javafx.event.EventHandlerManager.dispatchBubblingEvent(Ljavafx/event/Event;)Ljavafx/event/Event; (23 bytes) @ 0x0000000106f03194 [0x0000000106f02700+0xa94]
J 5425 C2 com.sun.javafx.event.BasicEventDispatcher.dispatchEvent(Ljavafx/event/Event;Ljavafx/event/EventDispatchChain;)Ljavafx/event/Event; (44 bytes) @ 0x0000000106d874d4 [0x0000000106d87360+0x174]
J 5425 C2 com.sun.javafx.event.BasicEventDispatcher.dispatchEvent(Ljavafx/event/Event;Ljavafx/event/EventDispatchChain;)Ljavafx/event/Event; (44 bytes) @ 0x0000000106d87450 [0x0000000106d87360+0xf0]
J 5425 C2 com.sun.javafx.event.BasicEventDispatcher.dispatchEvent(Ljavafx/event/Event;Ljavafx/event/EventDispatchChain;)Ljavafx/event/Event; (44 bytes) @ 0x0000000106d87450 [0x0000000106d87360+0xf0]
J 5425 C2 com.sun.javafx.event.BasicEventDispatcher.dispatchEvent(Ljavafx/event/Event;Ljavafx/event/EventDispatchChain;)Ljavafx/event/Event; (44 bytes) @ 0x0000000106d87450 [0x0000000106d87360+0xf0]
J 5178 C2 com.sun.javafx.event.EventDispatchChainImpl.dispatchEvent(Ljavafx/event/Event;)Ljavafx/event/Event; (101 bytes) @ 0x0000000106c5e858 [0x0000000106c5e7a0+0xb8]
J 3759 C1 com.sun.javafx.event.EventUtil.fireEvent(Ljavafx/event/EventTarget;Ljavafx/event/Event;)Ljavafx/event/Event; (81 bytes) @ 0x000000010685a59c [0x00000001068599c0+0xbdc]
J 3597 C1 javafx.event.Event.fireEvent(Ljavafx/event/EventTarget;Ljavafx/event/Event;)V (35 bytes) @ 0x000000010679f3ec [0x000000010679f320+0xcc]
j  javafx.scene.Node.fireEvent(Ljavafx/event/Event;)V+86
j  javafx.scene.control.Button.fire()V+15
j  com.sun.javafx.scene.control.behavior.ButtonBehavior.mouseReleased(Ljavafx/scene/input/MouseEvent;)V+23
J 6138 C1 com.sun.javafx.scene.control.skin.BehaviorSkinBase$1.handle(Ljavafx/scene/input/MouseEvent;)V (121 bytes) @ 0x0000000106f2fa7c [0x0000000106f2f660+0x41c]
J 6137 C1 com.sun.javafx.scene.control.skin.BehaviorSkinBase$1.handle(Ljavafx/event/Event;)V (9 bytes) @ 0x0000000106f3062c [0x0000000106f304c0+0x16c]
J 6074 C2 com.sun.javafx.event.EventHandlerManager.dispatchBubblingEvent(Ljavafx/event/Event;)Ljavafx/event/Event; (23 bytes) @ 0x0000000106f02ab8 [0x0000000106f02700+0x3b8]
J 5425 C2 com.sun.javafx.event.BasicEventDispatcher.dispatchEvent(Ljavafx/event/Event;Ljavafx/event/EventDispatchChain;)Ljavafx/event/Event; (44 bytes) @ 0x0000000106d874d4 [0x0000000106d87360+0x174]
J 5425 C2 com.sun.javafx.event.BasicEventDispatcher.dispatchEvent(Ljavafx/event/Event;Ljavafx/event/EventDispatchChain;)Ljavafx/event/Event; (44 bytes) @ 0x0000000106d87450 [0x0000000106d87360+0xf0]
J 5425 C2 com.sun.javafx.event.BasicEventDispatcher.dispatchEvent(Ljavafx/event/Event;Ljavafx/event/EventDispatchChain;)Ljavafx/event/Event; (44 bytes) @ 0x0000000106d87450 [0x0000000106d87360+0xf0]
J 5425 C2 com.sun.javafx.event.BasicEventDispatcher.dispatchEvent(Ljavafx/event/Event;Ljavafx/event/EventDispatchChain;)Ljavafx/event/Event; (44 bytes) @ 0x0000000106d87450 [0x0000000106d87360+0xf0]
J 5178 C2 com.sun.javafx.event.EventDispatchChainImpl.dispatchEvent(Ljavafx/event/Event;)Ljavafx/event/Event; (101 bytes) @ 0x0000000106c5e858 [0x0000000106c5e7a0+0xb8]
J 3759 C1 com.sun.javafx.event.EventUtil.fireEvent(Ljavafx/event/EventTarget;Ljavafx/event/Event;)Ljavafx/event/Event; (81 bytes) @ 0x000000010685a0fc [0x00000001068599c0+0x73c]
J 3797 C1 javafx.scene.Scene$MouseHandler.process(Ljavafx/scene/input/MouseEvent;Z)V (735 bytes) @ 0x000000010687897c [0x0000000106875e60+0x2b1c]
J 3938 C1 javafx.scene.Scene$ScenePeerListener.mouseEvent(Ljavafx/event/EventType;DDDDLjavafx/scene/input/MouseButton;ZZZZZZZZZ)V (50 bytes) @ 0x00000001068cfeb4 [0x00000001068cfbe0+0x2d4]
J 3933 C1 com.sun.javafx.tk.quantum.GlassViewEventHandler$MouseEventNotification.run()Ljava/lang/Void; (624 bytes) @ 0x00000001068d344c [0x00000001068d23a0+0x10ac]
J 3932 C1 com.sun.javafx.tk.quantum.GlassViewEventHandler$MouseEventNotification.run()Ljava/lang/Object; (5 bytes) @ 0x00000001068d154c [0x00000001068d14c0+0x8c]
v  ~StubRoutines::call_stub
J 2161  java.security.AccessController.doPrivileged(Ljava/security/PrivilegedAction;Ljava/security/AccessControlContext;)Ljava/lang/Object; (0 bytes) @ 0x00000001064b6fe3 [0x00000001064b6f80+0x63]
J 3839 C1 com.sun.javafx.tk.quantum.GlassViewEventHandler$$Lambda$322.get()Ljava/lang/Object; (8 bytes) @ 0x0000000106893da4 [0x0000000106893bc0+0x1e4]
J 5375 C2 com.sun.javafx.tk.quantum.QuantumToolkit.runWithoutRenderLock(Ljava/util/function/Supplier;)Ljava/lang/Object; (49 bytes) @ 0x0000000106d53ba8 [0x0000000106d53b40+0x68]
J 3836 C1 com.sun.javafx.tk.quantum.GlassViewEventHandler.handleMouseEvent(Lcom/sun/glass/ui/View;JIIIIIIIZZ)V (108 bytes) @ 0x00000001068948a4 [0x0000000106894480+0x424]
J 3709 C1 com.sun.glass.ui.View.notifyMouse(IIIIIIIZZ)V (221 bytes) @ 0x00000001068306c4 [0x000000010682f660+0x1064]
v  ~StubRoutines::call_stub

---------------  P R O C E S S  ---------------

Java Threads: ( => current thread )
  0x00007fc8bec0d000 JavaThread "Thread-8" daemon [_thread_in_native, id=65847, stack(0x00007000060ad000,0x000070000612d000)]
  0x00007fc8bf0a2800 JavaThread "Disposer" daemon [_thread_blocked, id=80147, stack(0x0000700005274000,0x0000700005374000)]
  0x00007fc8be95c800 JavaThread "Prism Font Disposer" daemon [_thread_blocked, id=50323, stack(0x0000700005171000,0x0000700005271000)]
  0x00007fc8bf0a1800 JavaThread "JavaFX-Launcher" [_thread_blocked, id=46399, stack(0x0000700004feb000,0x00007000050eb000)]
  0x00007fc8be16a800 JavaThread "Thread-3" daemon [_thread_in_native, id=32515, stack(0x0000700004ee5000,0x0000700004f65000)]
=>0x00007fc8be151800 JavaThread "JavaFX Application Thread" [_thread_in_native, id=775, stack(0x00007ffeebe2b000,0x00007ffeec62b000)]
  0x00007fc8be152800 JavaThread "Thread-1" daemon [_thread_blocked, id=40707, stack(0x0000700004d5f000,0x0000700004e5f000)]
  0x00007fc8c0006800 JavaThread "QuantumRenderer-0" daemon [_thread_blocked, id=21763, stack(0x0000700004c5c000,0x0000700004d5c000)]
  0x00007fc8be023800 JavaThread "Service Thread" daemon [_thread_blocked, id=16131, stack(0x0000700004a56000,0x0000700004b56000)]
  0x00007fc8bf043800 JavaThread "C1 CompilerThread3" daemon [_thread_blocked, id=15619, stack(0x0000700004953000,0x0000700004a53000)]
  0x00007fc8bf012000 JavaThread "C2 CompilerThread2" daemon [_thread_blocked, id=17155, stack(0x0000700004850000,0x0000700004950000)]
  0x00007fc8be80e000 JavaThread "C2 CompilerThread1" daemon [_thread_blocked, id=17667, stack(0x000070000474d000,0x000070000484d000)]
  0x00007fc8be80b800 JavaThread "C2 CompilerThread0" daemon [_thread_blocked, id=14851, stack(0x000070000464a000,0x000070000474a000)]
  0x00007fc8be014000 JavaThread "Signal Dispatcher" daemon [_thread_blocked, id=18187, stack(0x0000700004547000,0x0000700004647000)]
  0x00007fc8be82b000 JavaThread "Finalizer" daemon [_thread_blocked, id=13315, stack(0x0000700004444000,0x0000700004544000)]
  0x00007fc8bf029800 JavaThread "Reference Handler" daemon [_thread_blocked, id=12803, stack(0x0000700004341000,0x0000700004441000)]
  0x00007fc8bf007800 JavaThread "main" [_thread_blocked, id=10243, stack(0x0000700003923000,0x0000700003a23000)]

Other Threads:
  0x00007fc8be013000 VMThread [stack: 0x000070000423e000,0x000070000433e000] [id=12291]
  0x00007fc8bf044800 WatcherThread [stack: 0x0000700004b59000,0x0000700004c59000] [id=16387]

VM state:not at safepoint (normal execution)

VM Mutex/Monitor currently owned by a thread: None

Heap:
 PSYoungGen      total 470016K, used 271326K [0x000000076ab00000, 0x0000000788d00000, 0x00000007c0000000)
  eden space 456192K, 56% used [0x000000076ab00000,0x000000077a6d9a50,0x0000000786880000)
  from space 13824K, 97% used [0x0000000787f80000,0x0000000788c9e0e0,0x0000000788d00000)
  to   space 15360K, 0% used [0x0000000786f00000,0x0000000786f00000,0x0000000787e00000)
 ParOldGen       total 84992K, used 17507K [0x00000006c0000000, 0x00000006c5300000, 0x000000076ab00000)
  object space 84992K, 20% used [0x00000006c0000000,0x00000006c1118ef8,0x00000006c5300000)
 Metaspace       used 26377K, capacity 27956K, committed 28160K, reserved 1073152K
  class space    used 3528K, capacity 3824K, committed 3840K, reserved 1048576K

Card table byte_map: [0x0000000114e17000,0x0000000115618000] byte_map_base: 0x0000000111817000

Marking Bits: (ParMarkBitMap*) 0x00000001057606c0
 Begin Bits: [0x0000000115b6e000, 0x0000000119b6e000)
 End Bits:   [0x0000000119b6e000, 0x000000011db6e000)

Polling page: 0x000000010365a000

CodeCache: size=245760Kb used=17559Kb max_used=17577Kb free=228200Kb
 bounds [0x0000000105e17000, 0x0000000106f67000, 0x0000000114e17000]
 total_blobs=6152 nmethods=5341 adapters=723
 compilation: enabled

Compilation events (10 events):
Event: 89.958 Thread 0x00007fc8bf043800 nmethod 6197 0x0000000106f4f7d0 code [0x0000000106f4f980, 0x0000000106f4feb8]
Event: 89.959 Thread 0x00007fc8bf012000 nmethod 6191 0x00000001064cd310 code [0x00000001064cd500, 0x00000001064cdf98]
Event: 89.965 Thread 0x00007fc8be80e000 6198       4       java.util.AbstractSequentialList::iterator (5 bytes)
Event: 89.967 Thread 0x00007fc8bf043800 6199       1       roadgraph.MapGraph::addEdge (1 bytes)
Event: 89.967 Thread 0x00007fc8bf043800 nmethod 6199 0x0000000106f3a790 code [0x0000000106f3a8e0, 0x0000000106f3a9f0]
Event: 89.967 Thread 0x00007fc8be80e000 nmethod 6198 0x00000001064d5c10 code [0x00000001064d5d60, 0x00000001064d5ed8]
Event: 89.967 Thread 0x00007fc8bf012000 6200       4       geography.GeographicPoint::getDist (121 bytes)
Event: 89.969 Thread 0x00007fc8bf012000 nmethod 6200 0x0000000106f4e6d0 code [0x0000000106f4e8c0, 0x0000000106f4ebe8]
Event: 89.970 Thread 0x00007fc8be80e000 6201       4       geography.RoadSegment::hashCode (16 bytes)
Event: 89.971 Thread 0x00007fc8be80e000 nmethod 6201 0x00000001064d4690 code [0x00000001064d47e0, 0x00000001064d4938]

GC Heap History (10 events):
Event: 3.278 GC heap before
{Heap before GC invocations=5 (full 1):
 PSYoungGen      total 141824K, used 10581K [0x000000076ab00000, 0x0000000774000000, 0x00000007c0000000)
  eden space 131072K, 0% used [0x000000076ab00000,0x000000076ab00000,0x0000000772b00000)
  from space 10752K, 98% used [0x0000000773580000,0x0000000773fd54f0,0x0000000774000000)
  to   space 10752K, 0% used [0x0000000772b00000,0x0000000772b00000,0x0000000773580000)
 ParOldGen       total 175104K, used 8696K [0x00000006c0000000, 0x00000006cab00000, 0x000000076ab00000)
  object space 175104K, 4% used [0x00000006c0000000,0x00000006c087e180,0x00000006cab00000)
 Metaspace       used 21073K, capacity 22188K, committed 22292K, reserved 1069056K
  class space    used 3110K, capacity 3375K, committed 3456K, reserved 1048576K
Event: 3.306 GC heap after
Heap after GC invocations=5 (full 1):
 PSYoungGen      total 141824K, used 0K [0x000000076ab00000, 0x0000000774000000, 0x00000007c0000000)
  eden space 131072K, 0% used [0x000000076ab00000,0x000000076ab00000,0x0000000772b00000)
  from space 10752K, 0% used [0x0000000773580000,0x0000000773580000,0x0000000774000000)
  to   space 10752K, 0% used [0x0000000772b00000,0x0000000772b00000,0x0000000773580000)
 ParOldGen       total 84992K, used 10720K [0x00000006c0000000, 0x00000006c5300000, 0x000000076ab00000)
  object space 84992K, 12% used [0x00000006c0000000,0x00000006c0a783e0,0x00000006c5300000)
 Metaspace       used 21073K, capacity 22188K, committed 22292K, reserved 1069056K
  class space    used 3110K, capacity 3375K, committed 3456K, reserved 1048576K
}
Event: 21.632 GC heap before
{Heap before GC invocations=6 (full 1):
 PSYoungGen      total 141824K, used 131072K [0x000000076ab00000, 0x0000000774000000, 0x00000007c0000000)
  eden space 131072K, 100% used [0x000000076ab00000,0x0000000772b00000,0x0000000772b00000)
  from space 10752K, 0% used [0x0000000773580000,0x0000000773580000,0x0000000774000000)
  to   space 10752K, 0% used [0x0000000772b00000,0x0000000772b00000,0x0000000773580000)
 ParOldGen       total 84992K, used 10720K [0x00000006c0000000, 0x00000006c5300000, 0x000000076ab00000)
  object space 84992K, 12% used [0x00000006c0000000,0x00000006c0a783e0,0x00000006c5300000)
 Metaspace       used 24388K, capacity 25716K, committed 25984K, reserved 1071104K
  class space    used 3354K, capacity 3600K, committed 3712K, reserved 1048576K
Event: 21.641 GC heap after
Heap after GC invocations=6 (full 1):
 PSYoungGen      total 141824K, used 10724K [0x000000076ab00000, 0x000000077bd00000, 0x00000007c0000000)
  eden space 131072K, 0% used [0x000000076ab00000,0x000000076ab00000,0x0000000772b00000)
  from space 10752K, 99% used [0x0000000772b00000,0x00000007735793b8,0x0000000773580000)
  to   space 14336K, 0% used [0x000000077af00000,0x000000077af00000,0x000000077bd00000)
 ParOldGen       total 84992K, used 12717K [0x00000006c0000000, 0x00000006c5300000, 0x000000076ab00000)
  object space 84992K, 14% used [0x00000006c0000000,0x00000006c0c6b6d8,0x00000006c5300000)
 Metaspace       used 24388K, capacity 25716K, committed 25984K, reserved 1071104K
  class space    used 3354K, capacity 3600K, committed 3712K, reserved 1048576K
}
Event: 23.425 GC heap before
{Heap before GC invocations=7 (full 1):
 PSYoungGen      total 141824K, used 141788K [0x000000076ab00000, 0x000000077bd00000, 0x00000007c0000000)
  eden space 131072K, 99% used [0x000000076ab00000,0x0000000772afdfe0,0x0000000772b00000)
  from space 10752K, 99% used [0x0000000772b00000,0x00000007735793b8,0x0000000773580000)
  to   space 14336K, 0% used [0x000000077af00000,0x000000077af00000,0x000000077bd00000)
 ParOldGen       total 84992K, used 12717K [0x00000006c0000000, 0x00000006c5300000, 0x000000076ab00000)
  object space 84992K, 14% used [0x00000006c0000000,0x00000006c0c6b6d8,0x00000006c5300000)
 Metaspace       used 24545K, capacity 25882K, committed 25984K, reserved 1071104K
  class space    used 3369K, capacity 3633K, committed 3712K, reserved 1048576K
Event: 23.431 GC heap after
Heap after GC invocations=7 (full 1):
 PSYoungGen      total 260096K, used 9973K [0x000000076ab00000, 0x000000077ba00000, 0x00000007c0000000)
  eden space 248832K, 0% used [0x000000076ab00000,0x000000076ab00000,0x0000000779e00000)
  from space 11264K, 88% used [0x000000077af00000,0x000000077b8bd690,0x000000077ba00000)
  to   space 14336K, 0% used [0x0000000779e00000,0x0000000779e00000,0x000000077ac00000)
 ParOldGen       total 84992K, used 12725K [0x00000006c0000000, 0x00000006c5300000, 0x000000076ab00000)
  object space 84992K, 14% used [0x00000006c0000000,0x00000006c0c6d6d8,0x00000006c5300000)
 Metaspace       used 24545K, capacity 25882K, committed 25984K, reserved 1071104K
  class space    used 3369K, capacity 3633K, committed 3712K, reserved 1048576K
}
Event: 25.278 GC heap before
{Heap before GC invocations=8 (full 1):
 PSYoungGen      total 260096K, used 258643K [0x000000076ab00000, 0x000000077ba00000, 0x00000007c0000000)
  eden space 248832K, 99% used [0x000000076ab00000,0x0000000779dd77a8,0x0000000779e00000)
  from space 11264K, 88% used [0x000000077af00000,0x000000077b8bd690,0x000000077ba00000)
  to   space 14336K, 0% used [0x0000000779e00000,0x0000000779e00000,0x000000077ac00000)
 ParOldGen       total 84992K, used 12981K [0x00000006c0000000, 0x00000006c5300000, 0x000000076ab00000)
  object space 84992K, 15% used [0x00000006c0000000,0x00000006c0cad6e8,0x00000006c5300000)
 Metaspace       used 25085K, capacity 26474K, committed 26752K, reserved 1073152K
  class space    used 3410K, capacity 3687K, committed 3712K, reserved 1048576K
Event: 25.290 GC heap after
Heap after GC invocations=8 (full 1):
 PSYoungGen      total 263168K, used 13137K [0x000000076ab00000, 0x0000000788e00000, 0x00000007c0000000)
  eden space 248832K, 0% used [0x000000076ab00000,0x000000076ab00000,0x0000000779e00000)
  from space 14336K, 91% used [0x0000000779e00000,0x000000077aad47e8,0x000000077ac00000)
  to   space 14848K, 0% used [0x0000000787f80000,0x0000000787f80000,0x0000000788e00000)
 ParOldGen       total 84992K, used 17073K [0x00000006c0000000, 0x00000006c5300000, 0x000000076ab00000)
  object space 84992K, 20% used [0x00000006c0000000,0x00000006c10ac438,0x00000006c5300000)
 Metaspace       used 25085K, capacity 26474K, committed 26752K, reserved 1073152K
  class space    used 3410K, capacity 3687K, committed 3712K, reserved 1048576K
}
Event: 38.426 GC heap before
{Heap before GC invocations=9 (full 1):
 PSYoungGen      total 263168K, used 261969K [0x000000076ab00000, 0x0000000788e00000, 0x00000007c0000000)
  eden space 248832K, 100% used [0x000000076ab00000,0x0000000779e00000,0x0000000779e00000)
  from space 14336K, 91% used [0x0000000779e00000,0x000000077aad47e8,0x000000077ac00000)
  to   space 14848K, 0% used [0x0000000787f80000,0x0000000787f80000,0x0000000788e00000)
 ParOldGen       total 84992K, used 17499K [0x00000006c0000000, 0x00000006c5300000, 0x000000076ab00000)
  object space 84992K, 20% used [0x00000006c0000000,0x00000006c1116ef8,0x00000006c5300000)
 Metaspace       used 25503K, capacity 26930K, committed 27008K, reserved 1073152K
  class space    used 3425K, capacity 3697K, committed 3712K, reserved 1048576K
Event: 38.437 GC heap after
Heap after GC invocations=9 (full 1):
 PSYoungGen      total 470016K, used 13432K [0x000000076ab00000, 0x0000000788d00000, 0x00000007c0000000)
  eden space 456192K, 0% used [0x000000076ab00000,0x000000076ab00000,0x0000000786880000)
  from space 13824K, 97% used [0x0000000787f80000,0x0000000788c9e0e0,0x0000000788d00000)
  to   space 15360K, 0% used [0x0000000786f00000,0x0000000786f00000,0x0000000787e00000)
 ParOldGen       total 84992K, used 17507K [0x00000006c0000000, 0x00000006c5300000, 0x000000076ab00000)
  object space 84992K, 20% used [0x00000006c0000000,0x00000006c1118ef8,0x00000006c5300000)
 Metaspace       used 25503K, capacity 26930K, committed 27008K, reserved 1073152K
  class space    used 3425K, capacity 3697K, committed 3712K, reserved 1048576K
}

Deoptimization events (10 events):
Event: 49.419 Thread 0x00007fc8be151800 Uncommon trap: reason=class_check action=maybe_recompile pc=0x0000000106ef65d0 method=javafx.scene.CssStyleHelper.transitionToState(Ljavafx/scene/Node;)V @ 135
Event: 49.419 Thread 0x00007fc8be151800 Uncommon trap: reason=class_check action=maybe_recompile pc=0x00000001067bcca0 method=com.sun.javafx.css.CompoundSelector.stateMatches(Ljavafx/css/Styleable;Ljava/util/Set;I)Z @ 123
Event: 49.419 Thread 0x00007fc8be151800 Uncommon trap: reason=class_check action=maybe_recompile pc=0x00000001067bcca0 method=com.sun.javafx.css.CompoundSelector.stateMatches(Ljavafx/css/Styleable;Ljava/util/Set;I)Z @ 123
Event: 49.419 Thread 0x00007fc8be151800 Uncommon trap: reason=class_check action=maybe_recompile pc=0x00000001067bcca0 method=com.sun.javafx.css.CompoundSelector.stateMatches(Ljavafx/css/Styleable;Ljava/util/Set;I)Z @ 123
Event: 49.419 Thread 0x00007fc8be151800 Uncommon trap: reason=class_check action=maybe_recompile pc=0x00000001067bcca0 method=com.sun.javafx.css.CompoundSelector.stateMatches(Ljavafx/css/Styleable;Ljava/util/Set;I)Z @ 123
Event: 49.420 Thread 0x00007fc8be151800 Uncommon trap: reason=class_check action=maybe_recompile pc=0x0000000106ef65d0 method=javafx.scene.CssStyleHelper.transitionToState(Ljavafx/scene/Node;)V @ 135
Event: 49.420 Thread 0x00007fc8be151800 Uncommon trap: reason=class_check action=maybe_recompile pc=0x0000000106ef65d0 method=javafx.scene.CssStyleHelper.transitionToState(Ljavafx/scene/Node;)V @ 135
Event: 49.464 Thread 0x00007fc8c0006800 Uncommon trap: reason=class_check action=maybe_recompile pc=0x0000000106c64a00 method=com.sun.javafx.font.CompositeStrike.getStrikeSlot(I)Lcom/sun/javafx/font/FontStrike; @ 16
Event: 49.465 Thread 0x00007fc8c0006800 Uncommon trap: reason=class_check action=maybe_recompile pc=0x0000000106c64a00 method=com.sun.javafx.font.CompositeStrike.getStrikeSlot(I)Lcom/sun/javafx/font/FontStrike; @ 16
Event: 51.769 Thread 0x00007fc8c0006800 Uncommon trap: reason=unstable_if action=reinterpret pc=0x0000000106734480 method=com.sun.prism.es2.GLContext.updateBoundTexture(I)V @ 5

Classes redefined (0 events):
No events

Internal exceptions (10 events):
Event: 11.908 Thread 0x00007fc8be151800 Implicit null exception at 0x000000010680e927 to 0x000000010680f201
Event: 24.231 Thread 0x00007fc8be151800 Exception <a 'java/lang/ClassNotFoundException': sun/net/www/protocol/about/Handler> (0x000000076afc9cf8) thrown at [/Users/java_re/workspace/8-2-build-macosx-x86_64/jdk8u161/10277/hotspot/src/share/vm/classfile/systemDictionary.cpp, line 210]
Event: 24.279 Thread 0x00007fc8be151800 Exception <a 'java/lang/ClassNotFoundException': sun/net/www/protocol/about/Handler> (0x000000076afe3908) thrown at [/Users/java_re/workspace/8-2-build-macosx-x86_64/jdk8u161/10277/hotspot/src/share/vm/classfile/systemDictionary.cpp, line 210]
Event: 24.444 Thread 0x00007fc8be151800 Exception <a 'java/lang/ClassNotFoundException': sun/net/www/protocol/about/Handler> (0x000000076b0ca138) thrown at [/Users/java_re/workspace/8-2-build-macosx-x86_64/jdk8u161/10277/hotspot/src/share/vm/classfile/systemDictionary.cpp, line 210]
Event: 24.484 Thread 0x00007fc8bec0d000 Exception <a 'sun/nio/fs/UnixException'> (0x0000000775fd35b8) thrown at [/Users/java_re/workspace/8-2-build-macosx-x86_64/jdk8u161/10277/hotspot/src/share/vm/prims/jni.cpp, line 709]
Event: 24.546 Thread 0x00007fc8be151800 Exception <a 'java/lang/ClassNotFoundException': sun/net/www/protocol/about/Handler> (0x000000076b153460) thrown at [/Users/java_re/workspace/8-2-build-macosx-x86_64/jdk8u161/10277/hotspot/src/share/vm/classfile/systemDictionary.cpp, line 210]
Event: 25.504 Thread 0x00007fc8bec0d000 Exception <a 'sun/nio/fs/UnixException'> (0x000000076c8aa590) thrown at [/Users/java_re/workspace/8-2-build-macosx-x86_64/jdk8u161/10277/hotspot/src/share/vm/prims/jni.cpp, line 709]
Event: 25.917 Thread 0x00007fc8be151800 Exception <a 'netscape/javascript/JSException'> (0x000000076f278358) thrown at [/Users/java_re/workspace/8-2-build-macosx-x86_64/jdk8u161/10277/hotspot/src/share/vm/prims/jni.cpp, line 709]
Event: 40.060 Thread 0x00007fc8be151800 Exception <a 'netscape/javascript/JSException': Invalid function reference> (0x0000000774eb9d68) thrown at [/Users/java_re/workspace/8-2-build-macosx-x86_64/jdk8u161/10277/hotspot/src/share/vm/prims/jni.cpp, line 735]
Event: 40.060 Thread 0x00007fc8be151800 Exception <a 'netscape/javascript/JSException'> (0x0000000774eb9d68) thrown at [/Users/java_re/workspace/8-2-build-macosx-x86_64/jdk8u161/10277/hotspot/src/share/vm/prims/jvm.cpp, line 1394]

Events (10 events):
Event: 63.352 Thread 0x00007fc8be80b800 flushing nmethod 0x0000000105f60310
Event: 64.714 Thread 0x00007fc8be80e000 flushing nmethod 0x0000000105ffe090
Event: 64.714 Thread 0x00007fc8be80e000 flushing nmethod 0x0000000106072410
Event: 66.979 Thread 0x00007fc8be80e000 flushing nmethod 0x000000010630b110
Event: 74.425 Thread 0x00007fc8bead2800 Thread added: 0x00007fc8bead2800
Event: 74.425 Thread 0x00007fc8bead2800 Thread exited: 0x00007fc8bead2800
Event: 77.605 Thread 0x00007fc8be80b800 flushing nmethod 0x0000000106321e10
Event: 85.855 Thread 0x00007fc8bf043800 flushing nmethod 0x00000001063e5790
Event: 85.855 Thread 0x00007fc8bf043800 flushing nmethod 0x0000000106400810
Event: 85.855 Thread 0x00007fc8bf043800 flushing nmethod 0x00000001064ca490


Dynamic libraries:
0x000000001e942000 	/System/Library/Frameworks/Cocoa.framework/Versions/A/Cocoa
0x000000001e942000 	/System/Library/Frameworks/Security.framework/Versions/A/Security
0x000000001e942000 	/System/Library/Frameworks/ApplicationServices.framework/Versions/A/ApplicationServices
0x000000001e942000 	/usr/lib/libz.1.dylib
0x000000001e942000 	/usr/lib/libSystem.B.dylib
0x000000001e942000 	/usr/lib/libobjc.A.dylib
0x000000001e942000 	/System/Library/Frameworks/CoreFoundation.framework/Versions/A/CoreFoundation
0x000000001e942000 	/System/Library/Frameworks/Foundation.framework/Versions/C/Foundation
0x000000001e942000 	/System/Library/Frameworks/AppKit.framework/Versions/C/AppKit
0x000000001e942000 	/System/Library/Frameworks/CoreData.framework/Versions/A/CoreData
0x000000001e942000 	/System/Library/PrivateFrameworks/RemoteViewServices.framework/Versions/A/RemoteViewServices
0x000000001e942000 	/System/Library/PrivateFrameworks/UIFoundation.framework/Versions/A/UIFoundation
0x000000001e942000 	/System/Library/PrivateFrameworks/DFRFoundation.framework/Versions/A/DFRFoundation
0x000000001e942000 	/System/Library/Frameworks/Metal.framework/Versions/A/Metal
0x000000001e942000 	/System/Library/PrivateFrameworks/DesktopServicesPriv.framework/Versions/A/DesktopServicesPriv
0x000000001e942000 	/usr/lib/libenergytrace.dylib
0x000000001e942000 	/System/Library/PrivateFrameworks/SkyLight.framework/Versions/A/SkyLight
0x000000001e942000 	/System/Library/Frameworks/CoreGraphics.framework/Versions/A/CoreGraphics
0x000000001e942000 	/usr/lib/libScreenReader.dylib
0x000000001e942000 	/System/Library/Frameworks/Accelerate.framework/Versions/A/Accelerate
0x000000001e942000 	/System/Library/Frameworks/IOSurface.framework/Versions/A/IOSurface
0x000000001e942000 	/System/Library/Frameworks/AudioToolbox.framework/Versions/A/AudioToolbox
0x000000001e942000 	/System/Library/Frameworks/AudioUnit.framework/Versions/A/AudioUnit
0x000000001e942000 	/System/Library/PrivateFrameworks/DataDetectorsCore.framework/Versions/A/DataDetectorsCore
0x000000001e942000 	/System/Library/Frameworks/Carbon.framework/Versions/A/Frameworks/HIToolbox.framework/Versions/A/HIToolbox
0x000000001e942000 	/usr/lib/libicucore.A.dylib
0x000000001e942000 	/System/Library/Frameworks/QuartzCore.framework/Versions/A/QuartzCore
0x000000001e942000 	/System/Library/Frameworks/Carbon.framework/Versions/A/Frameworks/SpeechRecognition.framework/Versions/A/SpeechRecognition
0x000000001e942000 	/usr/lib/libauto.dylib
0x000000001e942000 	/usr/lib/libxml2.2.dylib
0x000000001e942000 	/System/Library/PrivateFrameworks/CoreUI.framework/Versions/A/CoreUI
0x000000001e942000 	/System/Library/Frameworks/CoreAudio.framework/Versions/A/CoreAudio
0x000000001e942000 	/System/Library/Frameworks/DiskArbitration.framework/Versions/A/DiskArbitration
0x000000001e942000 	/usr/lib/liblangid.dylib
0x000000001e942000 	/System/Library/PrivateFrameworks/MultitouchSupport.framework/Versions/A/MultitouchSupport
0x000000001e942000 	/System/Library/Frameworks/IOKit.framework/Versions/A/IOKit
0x000000001e942000 	/usr/lib/libDiagnosticMessagesClient.dylib
0x000000001e942000 	/System/Library/Frameworks/CoreServices.framework/Versions/A/CoreServices
0x000000001e942000 	/System/Library/PrivateFrameworks/PerformanceAnalysis.framework/Versions/A/PerformanceAnalysis
0x000000001e942000 	/System/Library/Frameworks/OpenGL.framework/Versions/A/OpenGL
0x000000001e942000 	/System/Library/Frameworks/ColorSync.framework/Versions/A/ColorSync
0x000000001e942000 	/System/Library/Frameworks/CoreImage.framework/Versions/A/CoreImage
0x000000001e942000 	/System/Library/Frameworks/CoreText.framework/Versions/A/CoreText
0x000000001e942000 	/System/Library/Frameworks/ImageIO.framework/Versions/A/ImageIO
0x000000001e942000 	/System/Library/PrivateFrameworks/Backup.framework/Versions/A/Backup
0x000000001e942000 	/usr/lib/libarchive.2.dylib
0x000000001e942000 	/System/Library/Frameworks/CFNetwork.framework/Versions/A/CFNetwork
0x000000001e942000 	/System/Library/Frameworks/SystemConfiguration.framework/Versions/A/SystemConfiguration
0x000000001e942000 	/usr/lib/libCRFSuite.dylib
0x000000001e942000 	/usr/lib/libc++.1.dylib
0x000000001e942000 	/usr/lib/libc++abi.dylib
0x000000001e942000 	/usr/lib/system/libcache.dylib
0x000000001e942000 	/usr/lib/system/libcommonCrypto.dylib
0x000000001e942000 	/usr/lib/system/libcompiler_rt.dylib
0x000000001e942000 	/usr/lib/system/libcopyfile.dylib
0x000000001e942000 	/usr/lib/system/libcorecrypto.dylib
0x000000001e942000 	/usr/lib/system/libdispatch.dylib
0x000000001e942000 	/usr/lib/system/libdyld.dylib
0x000000001e942000 	/usr/lib/system/libkeymgr.dylib
0x000000001e942000 	/usr/lib/system/liblaunch.dylib
0x000000001e942000 	/usr/lib/system/libmacho.dylib
0x000000001e942000 	/usr/lib/system/libquarantine.dylib
0x000000001e942000 	/usr/lib/system/libremovefile.dylib
0x000000001e942000 	/usr/lib/system/libsystem_asl.dylib
0x000000001e942000 	/usr/lib/system/libsystem_blocks.dylib
0x000000001e942000 	/usr/lib/system/libsystem_c.dylib
0x000000001e942000 	/usr/lib/system/libsystem_configuration.dylib
0x000000001e942000 	/usr/lib/system/libsystem_coreservices.dylib
0x000000001e942000 	/usr/lib/system/libsystem_darwin.dylib
0x000000001e942000 	/usr/lib/system/libsystem_dnssd.dylib
0x000000001e942000 	/usr/lib/system/libsystem_info.dylib
0x000000001e942000 	/usr/lib/system/libsystem_m.dylib
0x000000001e942000 	/usr/lib/system/libsystem_malloc.dylib
0x000000001e942000 	/usr/lib/system/libsystem_network.dylib
0x000000001e942000 	/usr/lib/system/libsystem_networkextension.dylib
0x000000001e942000 	/usr/lib/system/libsystem_notify.dylib
0x000000001e942000 	/usr/lib/system/libsystem_sandbox.dylib
0x000000001e942000 	/usr/lib/system/libsystem_secinit.dylib
0x000000001e942000 	/usr/lib/system/libsystem_kernel.dylib
0x000000001e942000 	/usr/lib/system/libsystem_platform.dylib
0x000000001e942000 	/usr/lib/system/libsystem_pthread.dylib
0x000000001e942000 	/usr/lib/system/libsystem_symptoms.dylib
0x000000001e942000 	/usr/lib/system/libsystem_trace.dylib
0x000000001e942000 	/usr/lib/system/libunwind.dylib
0x000000001e942000 	/usr/lib/system/libxpc.dylib
0x000000001e942000 	/usr/lib/closure/libclosured.dylib
0x000000001e942000 	/usr/lib/libbsm.0.dylib
0x000000001e942000 	/usr/lib/system/libkxld.dylib
0x000000001e942000 	/usr/lib/libOpenScriptingUtil.dylib
0x000000001e942000 	/usr/lib/libcoretls.dylib
0x000000001e942000 	/usr/lib/libcoretls_cfhelpers.dylib
0x000000001e942000 	/usr/lib/libpam.2.dylib
0x000000001e942000 	/usr/lib/libsqlite3.dylib
0x000000001e942000 	/usr/lib/libxar.1.dylib
0x000000001e942000 	/usr/lib/libbz2.1.0.dylib
0x000000001e942000 	/usr/lib/liblzma.5.dylib
0x000000001e942000 	/usr/lib/libnetwork.dylib
0x000000001e942000 	/usr/lib/libapple_nghttp2.dylib
0x000000001e942000 	/usr/lib/libpcap.A.dylib
0x000000001e942000 	/usr/lib/libboringssl.dylib
0x000000001e942000 	/usr/lib/libusrtcp.dylib
0x000000001e942000 	/usr/lib/libapple_crypto.dylib
0x000000001e942000 	/System/Library/Frameworks/CoreServices.framework/Versions/A/Frameworks/FSEvents.framework/Versions/A/FSEvents
0x000000001e942000 	/System/Library/Frameworks/CoreServices.framework/Versions/A/Frameworks/CarbonCore.framework/Versions/A/CarbonCore
0x000000001e942000 	/System/Library/Frameworks/CoreServices.framework/Versions/A/Frameworks/Metadata.framework/Versions/A/Metadata
0x000000001e942000 	/System/Library/Frameworks/CoreServices.framework/Versions/A/Frameworks/OSServices.framework/Versions/A/OSServices
0x000000001e942000 	/System/Library/Frameworks/CoreServices.framework/Versions/A/Frameworks/SearchKit.framework/Versions/A/SearchKit
0x000000001e942000 	/System/Library/Frameworks/CoreServices.framework/Versions/A/Frameworks/AE.framework/Versions/A/AE
0x000000001e942000 	/System/Library/Frameworks/CoreServices.framework/Versions/A/Frameworks/LaunchServices.framework/Versions/A/LaunchServices
0x000000001e942000 	/System/Library/Frameworks/CoreServices.framework/Versions/A/Frameworks/DictionaryServices.framework/Versions/A/DictionaryServices
0x000000001e942000 	/System/Library/Frameworks/CoreServices.framework/Versions/A/Frameworks/SharedFileList.framework/Versions/A/SharedFileList
0x000000001e942000 	/System/Library/Frameworks/NetFS.framework/Versions/A/NetFS
0x000000001e942000 	/System/Library/PrivateFrameworks/NetAuth.framework/Versions/A/NetAuth
0x000000001e942000 	/System/Library/PrivateFrameworks/login.framework/Versions/A/Frameworks/loginsupport.framework/Versions/A/loginsupport
0x000000001e942000 	/System/Library/PrivateFrameworks/TCC.framework/Versions/A/TCC
0x000000001e942000 	/usr/lib/libmecabra.dylib
0x000000001e942000 	/System/Library/Frameworks/ApplicationServices.framework/Versions/A/Frameworks/ATS.framework/Versions/A/ATS
0x000000001e942000 	/System/Library/Frameworks/ApplicationServices.framework/Versions/A/Frameworks/ColorSyncLegacy.framework/Versions/A/ColorSyncLegacy
0x000000001e942000 	/System/Library/Frameworks/ApplicationServices.framework/Versions/A/Frameworks/HIServices.framework/Versions/A/HIServices
0x000000001e942000 	/System/Library/Frameworks/ApplicationServices.framework/Versions/A/Frameworks/LangAnalysis.framework/Versions/A/LangAnalysis
0x000000001e942000 	/System/Library/Frameworks/ApplicationServices.framework/Versions/A/Frameworks/PrintCore.framework/Versions/A/PrintCore
0x000000001e942000 	/System/Library/Frameworks/ApplicationServices.framework/Versions/A/Frameworks/QD.framework/Versions/A/QD
0x000000001e942000 	/System/Library/Frameworks/ApplicationServices.framework/Versions/A/Frameworks/SpeechSynthesis.framework/Versions/A/SpeechSynthesis
0x000000001e942000 	/System/Library/Frameworks/CoreDisplay.framework/Versions/A/CoreDisplay
0x000000001e942000 	/System/Library/Frameworks/Accelerate.framework/Versions/A/Frameworks/vImage.framework/Versions/A/vImage
0x000000001e942000 	/System/Library/Frameworks/Accelerate.framework/Versions/A/Frameworks/vecLib.framework/Versions/A/vecLib
0x000000001e942000 	/System/Library/Frameworks/Accelerate.framework/Versions/A/Frameworks/vecLib.framework/Versions/A/libvDSP.dylib
0x000000001e942000 	/System/Library/Frameworks/Accelerate.framework/Versions/A/Frameworks/vecLib.framework/Versions/A/libBNNS.dylib
0x000000001e942000 	/System/Library/Frameworks/Accelerate.framework/Versions/A/Frameworks/vecLib.framework/Versions/A/libQuadrature.dylib
0x000000001e942000 	/System/Library/Frameworks/Accelerate.framework/Versions/A/Frameworks/vecLib.framework/Versions/A/libvMisc.dylib
0x000000001e942000 	/System/Library/Frameworks/Accelerate.framework/Versions/A/Frameworks/vecLib.framework/Versions/A/libLAPACK.dylib
0x000000001e942000 	/System/Library/Frameworks/Accelerate.framework/Versions/A/Frameworks/vecLib.framework/Versions/A/libBLAS.dylib
0x000000001e942000 	/System/Library/Frameworks/Accelerate.framework/Versions/A/Frameworks/vecLib.framework/Versions/A/libLinearAlgebra.dylib
0x000000001e942000 	/System/Library/Frameworks/Accelerate.framework/Versions/A/Frameworks/vecLib.framework/Versions/A/libSparse.dylib
0x000000001e942000 	/System/Library/Frameworks/Accelerate.framework/Versions/A/Frameworks/vecLib.framework/Versions/A/libSparseBLAS.dylib
0x000000001e942000 	/System/Library/PrivateFrameworks/IOAccelerator.framework/Versions/A/IOAccelerator
0x000000001e942000 	/System/Library/PrivateFrameworks/IOPresentment.framework/Versions/A/IOPresentment
0x000000001e942000 	/System/Library/PrivateFrameworks/DSExternalDisplay.framework/Versions/A/DSExternalDisplay
0x000000001e942000 	/System/Library/Frameworks/OpenGL.framework/Versions/A/Libraries/libCoreFSCache.dylib
0x000000001e942000 	/System/Library/Frameworks/CoreVideo.framework/Versions/A/CoreVideo
0x000000001e942000 	/System/Library/PrivateFrameworks/GraphVisualizer.framework/Versions/A/GraphVisualizer
0x000000001e942000 	/System/Library/Frameworks/MetalPerformanceShaders.framework/Versions/A/MetalPerformanceShaders
0x000000001e942000 	/usr/lib/libFosl_dynamic.dylib
0x000000001e942000 	/System/Library/PrivateFrameworks/FaceCore.framework/Versions/A/FaceCore
0x000000001e942000 	/System/Library/Frameworks/OpenCL.framework/Versions/A/OpenCL
0x000000001e942000 	/usr/lib/libcompression.dylib
0x000000001e942000 	/System/Library/Frameworks/ApplicationServices.framework/Versions/A/Frameworks/ATS.framework/Versions/A/Resources/libFontParser.dylib
0x000000001e942000 	/System/Library/Frameworks/ApplicationServices.framework/Versions/A/Frameworks/ATS.framework/Versions/A/Resources/libFontRegistry.dylib
0x000000001e942000 	/System/Library/Frameworks/ImageIO.framework/Versions/A/Resources/libJPEG.dylib
0x000000001e942000 	/System/Library/Frameworks/ImageIO.framework/Versions/A/Resources/libTIFF.dylib
0x000000001e942000 	/System/Library/Frameworks/ImageIO.framework/Versions/A/Resources/libPng.dylib
0x000000001e942000 	/System/Library/Frameworks/ImageIO.framework/Versions/A/Resources/libGIF.dylib
0x000000001e942000 	/System/Library/Frameworks/ImageIO.framework/Versions/A/Resources/libJP2.dylib
0x000000001e942000 	/System/Library/Frameworks/ImageIO.framework/Versions/A/Resources/libRadiance.dylib
0x000000001e942000 	/System/Library/PrivateFrameworks/AppleJPEG.framework/Versions/A/AppleJPEG
0x000000001e942000 	/System/Library/PrivateFrameworks/MetalTools.framework/Versions/A/MetalTools
0x000000001e942000 	/System/Library/Frameworks/MetalPerformanceShaders.framework/Frameworks/MPSCore.framework/Versions/A/MPSCore
0x000000001e942000 	/System/Library/Frameworks/MetalPerformanceShaders.framework/Frameworks/MPSImage.framework/Versions/A/MPSImage
0x000000001e942000 	/System/Library/Frameworks/MetalPerformanceShaders.framework/Frameworks/MPSMatrix.framework/Versions/A/MPSMatrix
0x000000001e942000 	/System/Library/Frameworks/MetalPerformanceShaders.framework/Frameworks/MPSNeuralNetwork.framework/Versions/A/MPSNeuralNetwork
0x000000001e942000 	/System/Library/Frameworks/OpenGL.framework/Versions/A/Libraries/libGLU.dylib
0x000000001e942000 	/System/Library/Frameworks/OpenGL.framework/Versions/A/Libraries/libGFXShared.dylib
0x000000001e942000 	/System/Library/Frameworks/OpenGL.framework/Versions/A/Libraries/libGL.dylib
0x000000001e942000 	/System/Library/Frameworks/OpenGL.framework/Versions/A/Libraries/libGLImage.dylib
0x000000001e942000 	/System/Library/Frameworks/OpenGL.framework/Versions/A/Libraries/libCVMSPluginSupport.dylib
0x000000001e942000 	/System/Library/Frameworks/OpenGL.framework/Versions/A/Libraries/libCoreVMClient.dylib
0x000000001e942000 	/usr/lib/libcups.2.dylib
0x000000001e942000 	/System/Library/Frameworks/Kerberos.framework/Versions/A/Kerberos
0x000000001e942000 	/System/Library/Frameworks/GSS.framework/Versions/A/GSS
0x000000001e942000 	/usr/lib/libresolv.9.dylib
0x000000001e942000 	/usr/lib/libiconv.2.dylib
0x000000001e942000 	/System/Library/PrivateFrameworks/Heimdal.framework/Versions/A/Heimdal
0x000000001e942000 	/usr/lib/libheimdal-asn1.dylib
0x000000001e942000 	/System/Library/Frameworks/OpenDirectory.framework/Versions/A/OpenDirectory
0x000000001e942000 	/System/Library/PrivateFrameworks/CommonAuth.framework/Versions/A/CommonAuth
0x000000001e942000 	/System/Library/Frameworks/OpenDirectory.framework/Versions/A/Frameworks/CFOpenDirectory.framework/Versions/A/CFOpenDirectory
0x000000001e942000 	/System/Library/Frameworks/SecurityFoundation.framework/Versions/A/SecurityFoundation
0x000000001e942000 	/System/Library/PrivateFrameworks/APFS.framework/Versions/A/APFS
0x000000001e942000 	/usr/lib/libutil.dylib
0x000000001e942000 	/System/Library/PrivateFrameworks/AppleSauce.framework/Versions/A/AppleSauce
0x000000001e942000 	/System/Library/PrivateFrameworks/LinguisticData.framework/Versions/A/LinguisticData
0x000000001e942000 	/usr/lib/libmarisa.dylib
0x000000001e942000 	/System/Library/PrivateFrameworks/Lexicon.framework/Versions/A/Lexicon
0x000000001e942000 	/usr/lib/libChineseTokenizer.dylib
0x000000001e942000 	/usr/lib/libcmph.dylib
0x000000001e942000 	/System/Library/PrivateFrameworks/LanguageModeling.framework/Versions/A/LanguageModeling
0x000000001e942000 	/System/Library/PrivateFrameworks/CoreEmoji.framework/Versions/A/CoreEmoji
0x000000001e942000 	/System/Library/Frameworks/ServiceManagement.framework/Versions/A/ServiceManagement
0x000000001e942000 	/System/Library/PrivateFrameworks/BackgroundTaskManagement.framework/Versions/A/BackgroundTaskManagement
0x000000001e942000 	/usr/lib/libxslt.1.dylib
0x000000001e942000 	/System/Library/Frameworks/Carbon.framework/Versions/A/Frameworks/Ink.framework/Versions/A/Ink
0x000000001e942000 	/System/Library/PrivateFrameworks/TextureIO.framework/Versions/A/TextureIO
0x000000001e942000 	/usr/lib/libate.dylib
0x000000001e942000 	/System/Library/PrivateFrameworks/CrashReporterSupport.framework/Versions/A/CrashReporterSupport
0x000000001e942000 	/System/Library/PrivateFrameworks/Sharing.framework/Versions/A/Sharing
0x000000001e942000 	/System/Library/PrivateFrameworks/IconServices.framework/Versions/A/IconServices
0x000000001e942000 	/System/Library/PrivateFrameworks/ProtocolBuffer.framework/Versions/A/ProtocolBuffer
0x000000001e942000 	/System/Library/PrivateFrameworks/Apple80211.framework/Versions/A/Apple80211
0x000000001e942000 	/System/Library/Frameworks/CoreWLAN.framework/Versions/A/CoreWLAN
0x000000001e942000 	/System/Library/PrivateFrameworks/CoreUtils.framework/Versions/A/CoreUtils
0x000000001e942000 	/System/Library/Frameworks/IOBluetooth.framework/Versions/A/IOBluetooth
0x000000001e942000 	/System/Library/PrivateFrameworks/CoreWiFi.framework/Versions/A/CoreWiFi
0x000000001e942000 	/System/Library/Frameworks/CoreBluetooth.framework/Versions/A/CoreBluetooth
0x000000001e942000 	/System/Library/PrivateFrameworks/SignpostNotification.framework/Versions/A/SignpostNotification
0x000000001e942000 	/System/Library/PrivateFrameworks/DebugSymbols.framework/Versions/A/DebugSymbols
0x000000001e942000 	/System/Library/PrivateFrameworks/CoreSymbolication.framework/Versions/A/CoreSymbolication
0x000000001e942000 	/System/Library/PrivateFrameworks/Symbolication.framework/Versions/A/Symbolication
0x000000001e942000 	/System/Library/PrivateFrameworks/AppleFSCompression.framework/Versions/A/AppleFSCompression
0x000000001e942000 	/System/Library/PrivateFrameworks/SpeechRecognitionCore.framework/Versions/A/SpeechRecognitionCore
0x0000000104e69000 	/Library/Java/JavaVirtualMachines/jdk1.8.0_161.jdk/Contents/Home/jre/lib/server/libjvm.dylib
0x000000001e942000 	/usr/lib/libstdc++.6.0.9.dylib
0x0000000103616000 	/Library/Java/JavaVirtualMachines/jdk1.8.0_161.jdk/Contents/Home/jre/lib/libverify.dylib
0x0000000103624000 	/Library/Java/JavaVirtualMachines/jdk1.8.0_161.jdk/Contents/Home/jre/lib/libjava.dylib
0x00000001036a4000 	/Library/Java/JavaVirtualMachines/jdk1.8.0_161.jdk/Contents/Home/jre/lib/libzip.dylib
0x00000001221fe000 	/Library/Java/JavaVirtualMachines/jdk1.8.0_161.jdk/Contents/Home/jre/lib/libprism_es2.dylib
0x000000001e942000 	/System/Library/PrivateFrameworks/CoreServicesInternal.framework/Versions/A/CoreServicesInternal
0x000000001e942000 	/System/Library/Frameworks/OpenGL.framework/Versions/A/Resources/GLEngine.bundle/GLEngine
0x000000001e942000 	/System/Library/Frameworks/OpenGL.framework/Versions/A/Libraries/libGLProgrammability.dylib
0x00000001224a7000 	/System/Library/Extensions/AppleIntelHD5000GraphicsGLDriver.bundle/Contents/MacOS/AppleIntelHD5000GraphicsGLDriver
0x000000001e942000 	/System/Library/PrivateFrameworks/GPUSupport.framework/Versions/A/Libraries/libGPUSupportMercury.dylib
0x000000001e942000 	/System/Library/Extensions/GeForceGLDriver.bundle/Contents/MacOS/GeForceGLDriver
0x000000001e942000 	/System/Library/Extensions/GeForceGLDriver.bundle/Contents/MacOS/libclh.dylib
0x000000001e942000 	/System/Library/Frameworks/OpenGL.framework/Versions/A/Resources/GLRendererFloat.bundle/GLRendererFloat
0x000000001e942000 	/System/Library/Frameworks/OpenCL.framework/Versions/A/Libraries/libcldcpuengine.dylib
0x000000001e942000 	/usr/lib/libcrypto.35.dylib
0x000000001e942000 	/System/Library/PrivateFrameworks/TrustEvaluationAgent.framework/Versions/A/TrustEvaluationAgent
0x0000000123038000 	/Library/Java/JavaVirtualMachines/jdk1.8.0_161.jdk/Contents/Home/jre/lib/libglass.dylib
0x000000001e942000 	/System/Library/CoreServices/RawCamera.bundle/Contents/MacOS/RawCamera
0x000000001e942000 	/System/Library/PrivateFrameworks/MobileAsset.framework/Versions/A/MobileAsset
0x000000001e942000 	/System/Library/PrivateFrameworks/StreamingZip.framework/Versions/A/StreamingZip
0x000000001e942000 	/System/Library/Frameworks/MediaToolbox.framework/Versions/A/MediaToolbox
0x000000001e942000 	/System/Library/PrivateFrameworks/CoreAVCHD.framework/Versions/A/CoreAVCHD
0x000000001e942000 	/System/Library/Frameworks/MediaAccessibility.framework/Versions/A/MediaAccessibility
0x000000001e942000 	/System/Library/PrivateFrameworks/Mangrove.framework/Versions/A/Mangrove
0x000000001e942000 	/System/Library/Frameworks/CoreMedia.framework/Versions/A/CoreMedia
0x000000001e942000 	/System/Library/Frameworks/VideoToolbox.framework/Versions/A/VideoToolbox
0x000000001e942000 	/System/Library/PrivateFrameworks/CoreAUC.framework/Versions/A/CoreAUC
0x000000001e942000 	/usr/lib/libspindump.dylib
0x000000001e942000 	/usr/lib/libdscsym.dylib
0x000000001e942000 	/System/Library/PrivateFrameworks/AppleVA.framework/Versions/A/AppleVA
0x000000001e942000 	/System/Library/Frameworks/Accelerate.framework/Versions/A/Frameworks/vImage.framework/Versions/A/Libraries/libCGInterfaces.dylib
0x000000001e942000 	/System/Library/PrivateFrameworks/FamilyControls.framework/Versions/A/FamilyControls
0x000000001e942000 	/System/Library/PrivateFrameworks/CommerceKit.framework/Versions/A/Frameworks/CommerceCore.framework/Versions/A/CommerceCore
0x000000001e942000 	/System/Library/PrivateFrameworks/SystemAdministration.framework/Versions/A/SystemAdministration
0x000000001e942000 	/System/Library/PrivateFrameworks/AppContainer.framework/Versions/A/AppContainer
0x000000001e942000 	/System/Library/PrivateFrameworks/SecCodeWrapper.framework/Versions/A/SecCodeWrapper
0x000000001e942000 	/System/Library/PrivateFrameworks/DiskManagement.framework/Versions/A/DiskManagement
0x000000001e942000 	/System/Library/Frameworks/DirectoryService.framework/Versions/A/DirectoryService
0x000000001e942000 	/System/Library/PrivateFrameworks/DiskImages.framework/Versions/A/DiskImages
0x000000001e942000 	/System/Library/PrivateFrameworks/LoginUIKit.framework/Versions/A/Frameworks/LoginUICore.framework/Versions/A/LoginUICore
0x000000001e942000 	/usr/lib/libCoreStorage.dylib
0x000000001e942000 	/usr/lib/libcsfde.dylib
0x000000001e942000 	/usr/lib/libodfde.dylib
0x000000001e942000 	/System/Library/PrivateFrameworks/MediaKit.framework/Versions/A/MediaKit
0x000000001e942000 	/System/Library/Frameworks/DiscRecording.framework/Versions/A/DiscRecording
0x000000001e942000 	/System/Library/PrivateFrameworks/EFILogin.framework/Versions/A/EFILogin
0x000000001e942000 	/System/Library/PrivateFrameworks/ProtectedCloudStorage.framework/Versions/A/ProtectedCloudStorage
0x000000001e942000 	/usr/lib/libcurl.4.dylib
0x000000001e942000 	/usr/lib/libssl.35.dylib
0x000000001e942000 	/System/Library/Frameworks/LDAP.framework/Versions/A/LDAP
0x000000001e942000 	/usr/lib/libsasl2.2.dylib
0x000000001e942000 	/System/Library/PrivateFrameworks/CoreDaemon.framework/Versions/B/CoreDaemon
0x000000001e942000 	/System/Library/PrivateFrameworks/AppleSRP.framework/Versions/A/AppleSRP
0x000000012570a000 	/Library/Java/JavaVirtualMachines/jdk1.8.0_161.jdk/Contents/Home/jre/lib/libjfxwebkit.dylib
0x00000001291d7000 	/Library/Java/JavaVirtualMachines/jdk1.8.0_161.jdk/Contents/Home/jre/lib/libjavafx_font.dylib
0x000000001e942000 	/System/Library/Frameworks/ApplicationServices.framework/Versions/A/Frameworks/ATS.framework/Versions/A/Resources/libTrueTypeScaler.dylib
0x000000012a671000 	/Library/Java/JavaVirtualMachines/jdk1.8.0_161.jdk/Contents/Home/jre/lib/libnio.dylib
0x000000012a681000 	/Library/Java/JavaVirtualMachines/jdk1.8.0_161.jdk/Contents/Home/jre/lib/./libnet.dylib
0x000000001e942000 	/System/Library/Extensions/AppleIntelHD5000GraphicsMTLDriver.bundle/Contents/MacOS/AppleIntelHD5000GraphicsMTLDriver
0x000000001e942000 	/System/Library/Extensions/GeForceMTLDriver.bundle/Contents/MacOS/GeForceMTLDriver
0x000000001e942000 	/System/Library/PrivateFrameworks/GPUCompiler.framework/Versions/3802/Libraries/libmetal_timestamp.dylib
0x00000001310b4000 	/Library/Java/JavaVirtualMachines/jdk1.8.0_161.jdk/Contents/Home/jre/lib/libprism_common.dylib
0x0000000123fda000 	/Library/Java/JavaVirtualMachines/jdk1.8.0_161.jdk/Contents/Home/jre/lib/libsunec.dylib
0x00000001374cd000 	/Library/Java/JavaVirtualMachines/jdk1.8.0_161.jdk/Contents/Home/jre/lib/libjavafx_iio.dylib

VM Arguments:
jvm_args: -Dfile.encoding=UTF-8 
java_command: application.MapApp
java_class_path (initial): /Library/Java/JavaVirtualMachines/jdk1.8.0_161.jdk/Contents/Home/jre/lib/resources.jar:/Library/Java/JavaVirtualMachines/jdk1.8.0_161.jdk/Contents/Home/jre/lib/rt.jar:/Library/Java/JavaVirtualMachines/jdk1.8.0_161.jdk/Contents/Home/jre/lib/jsse.jar:/Library/Java/JavaVirtualMachines/jdk1.8.0_161.jdk/Contents/Home/jre/lib/jce.jar:/Library/Java/JavaVirtualMachines/jdk1.8.0_161.jdk/Contents/Home/jre/lib/charsets.jar:/Library/Java/JavaVirtualMachines/jdk1.8.0_161.jdk/Contents/Home/jre/lib/jfr.jar:/Library/Java/JavaVirtualMachines/jdk1.8.0_161.jdk/Contents/Home/jre/lib/ext/sunec.jar:/Library/Java/JavaVirtualMachines/jdk1.8.0_161.jdk/Contents/Home/jre/lib/ext/nashorn.jar:/Library/Java/JavaVirtualMachines/jdk1.8.0_161.jdk/Contents/Home/jre/lib/ext/cldrdata.jar:/Library/Java/JavaVirtualMachines/jdk1.8.0_161.jdk/Contents/Home/jre/lib/ext/jfxrt.jar:/Library/Java/JavaVirtualMachines/jdk1.8.0_161.jdk/Contents/Home/jre/lib/ext/dnsns.jar:/Library/Java/JavaVirtualMachines/jdk1.8.0_161.jdk/Contents/Home/jre/lib/ext/localedata.jar:/Library/Java/JavaVirtualMachines/jdk1.8.0_161.jdk/Contents/Home/jre/lib/ext/sunjce_provider.jar:/Library/Java/JavaVirtualMachines/jdk1.8.0_161.jdk/Contents/Home/jre/lib/ext/sunpkcs11.jar:/Library/Java/JavaVirtualMachines/jdk1.8.0_161.jdk/Contents/Home/jre/lib/ext/jaccess.jar:/Library/Java/JavaVirtualMachines/jdk1.8.0_161.jdk/Contents/Home/jre/lib/ext/zipfs.jar:/System/Library/Java/Extensions/MRJToolkit.jar:/Users/srapolu/Documents/Work/LocalSetup/IntelliJWS/UCSDGraphs/bin:/Users/srapolu/Documents/Work/LocalSetup/IntelliJWS/UCSDGraphs/libs/javax.json-1.0.4.jar:/Applications/Eclipse.app/Contents/Eclipse/plugins/org.junit.jupiter.api_5.0.0.v20170910-2246.jar:/Applications/Eclipse.app/Contents/Eclipse/plugins/org.junit.jupiter.engine_5.0.0.v20170910-2246.jar:/Applications/Eclipse.app/Contents/Eclipse/plugins/org.junit.jupiter.migrationsupport_5.0.0.v20170910-2246.jar:/Applications/Eclipse.app/Contents/Eclipse/plugins/org.junit.jupi
Launcher Type: SUN_STANDARD

Environment Variables:
PATH=/usr/bin:/bin:/usr/sbin:/sbin
SHELL=/bin/bash

Signal Handlers:
SIGSEGV: [libjvm.dylib+0x5b5439], sa_mask[0]=11111111011111110111111111111111, sa_flags=SA_ONSTACK|SA_RESTART|SA_SIGINFO
SIGBUS: [libjvm.dylib+0x5b5439], sa_mask[0]=11111111011111110111111111111111, sa_flags=SA_RESTART|SA_SIGINFO
SIGFPE: [libjvm.dylib+0x48ae24], sa_mask[0]=11111111011111110111111111111111, sa_flags=SA_RESTART|SA_SIGINFO
SIGPIPE: [libjvm.dylib+0x48ae24], sa_mask[0]=11111111011111110111111111111111, sa_flags=SA_RESTART|SA_SIGINFO
SIGXFSZ: [libjvm.dylib+0x48ae24], sa_mask[0]=11111111011111110111111111111111, sa_flags=SA_RESTART|SA_SIGINFO
SIGILL: [libjvm.dylib+0x48ae24], sa_mask[0]=11111111011111110111111111111111, sa_flags=SA_RESTART|SA_SIGINFO
SIGUSR1: SIG_DFL, sa_mask[0]=00000000000000000000000000000000, sa_flags=none
SIGUSR2: [libjvm.dylib+0x48a942], sa_mask[0]=00100000000000000000000000000000, sa_flags=SA_RESTART|SA_SIGINFO
SIGHUP: [libjvm.dylib+0x488f0d], sa_mask[0]=11111111011111110111111111111111, sa_flags=SA_RESTART|SA_SIGINFO
SIGINT: [libjvm.dylib+0x488f0d], sa_mask[0]=11111111011111110111111111111111, sa_flags=SA_RESTART|SA_SIGINFO
SIGTERM: [libjvm.dylib+0x488f0d], sa_mask[0]=11111111011111110111111111111111, sa_flags=SA_RESTART|SA_SIGINFO
SIGQUIT: [libjvm.dylib+0x488f0d], sa_mask[0]=11111111011111110111111111111111, sa_flags=SA_RESTART|SA_SIGINFO


---------------  S Y S T E M  ---------------

OS:Bsduname:Darwin 17.4.0 Darwin Kernel Version 17.4.0: Sun Dec 17 09:19:54 PST 2017; root:xnu-4570.41.2~1/RELEASE_X86_64 x86_64
rlimit: STACK 8192k, CORE 0k, NPROC 1418, NOFILE 10240, AS infinity
load average:2.65 2.39 2.38

CPU:total 8 (initial active 8) (4 cores per cpu, 2 threads per core) family 6 model 70 stepping 1, cmov, cx8, fxsr, mmx, sse, sse2, sse3, ssse3, sse4.1, sse4.2, popcnt, avx, avx2, aes, clmul, erms, rtm, lzcnt, ht, tsc, tscinvbit, bmi1, bmi2

Memory: 4k page, physical 16777216k(56172k free)

/proc/meminfo:


vm_info: Java HotSpot(TM) 64-Bit Server VM (25.161-b12) for bsd-amd64 JRE (1.8.0_161-b12), built on Dec 19 2017 16:22:20 by "java_re" with gcc 4.2.1 (Based on Apple Inc. build 5658) (LLVM build 2336.11.00)

time: Tue Feb  6 17:30:37 2018
elapsed time: 90 seconds (0d 0h 1m 30s)

